INFO 2025-06-23 11:56:32,840 autoreload 3825 140487275537024 Watching for file changes with StatReloader
INFO 2025-06-23 15:08:43,279 autoreload 36838 139828837708416 Watching for file changes with StatReloader
INFO 2025-06-23 15:09:39,308 basehttp 36838 139828565898816 "GET /api/users/ HTTP/1.1" 200 154
INFO 2025-06-23 15:09:39,308 basehttp 36838 139828777694784 "GET /api/planes-mantenimiento/ HTTP/1.1" 200 315
INFO 2025-06-23 15:09:39,317 basehttp 36838 139828786087488 "GET /api/equipos/ HTTP/1.1" 200 1372
INFO 2025-06-23 15:09:39,322 basehttp 36838 139828557506112 "GET /api/planes-mantenimiento/ HTTP/1.1" 200 315
INFO 2025-06-23 15:09:39,334 basehttp 36838 139828565898816 "GET /api/equipos/ HTTP/1.1" 200 1372
INFO 2025-06-23 15:09:39,334 basehttp 36838 139828549113408 "GET /api/users/ HTTP/1.1" 200 154
INFO 2025-06-23 15:10:29,831 basehttp 36838 139828549113408 "GET /api/planes-mantenimiento/ HTTP/1.1" 200 315
INFO 2025-06-23 15:10:29,832 basehttp 36838 139828557506112 "GET /api/users/ HTTP/1.1" 200 154
INFO 2025-06-23 15:10:29,840 basehttp 36838 139828786087488 "GET /api/planes-mantenimiento/ HTTP/1.1" 200 315
INFO 2025-06-23 15:10:29,841 basehttp 36838 139828549113408 "GET /api/users/ HTTP/1.1" 200 154
INFO 2025-06-23 15:10:29,844 basehttp 36838 139828565898816 "GET /api/equipos/ HTTP/1.1" 200 1372
INFO 2025-06-23 15:10:29,852 basehttp 36838 139828786087488 "GET /api/equipos/ HTTP/1.1" 200 1372
INFO 2025-06-23 15:10:51,436 basehttp 36838 139828549113408 "GET /api/planes-mantenimiento/ HTTP/1.1" 200 315
INFO 2025-06-23 15:10:51,441 basehttp 36838 139828565898816 "GET /api/users/ HTTP/1.1" 200 154
INFO 2025-06-23 15:10:51,441 basehttp 36838 139828786087488 "GET /api/equipos/ HTTP/1.1" 200 1372
INFO 2025-06-23 15:10:51,455 basehttp 36838 139828549113408 "GET /api/users/ HTTP/1.1" 200 154
INFO 2025-06-23 15:10:51,456 basehttp 36838 139828786087488 "GET /api/planes-mantenimiento/ HTTP/1.1" 200 315
INFO 2025-06-23 15:10:51,458 basehttp 36838 139828565898816 "GET /api/equipos/ HTTP/1.1" 200 1372
INFO 2025-06-23 15:13:57,161 basehttp 36838 139828786087488 "OPTIONS /api/mantenimiento-workflow/dashboard/ HTTP/1.1" 200 0
INFO 2025-06-23 15:13:57,167 basehttp 36838 139828565898816 "OPTIONS /api/mantenimiento-workflow/equipos-criticos/ HTTP/1.1" 200 0
INFO 2025-06-23 15:13:57,180 basehttp 36838 139828786087488 "GET /api/mantenimiento-workflow/dashboard/ HTTP/1.1" 200 626
INFO 2025-06-23 15:13:57,185 basehttp 36838 139828565898816 "GET /api/mantenimiento-workflow/equipos-criticos/ HTTP/1.1" 200 91
INFO 2025-06-23 15:14:18,556 basehttp 36838 139828565898816 "OPTIONS /api/equipos/ HTTP/1.1" 200 0
INFO 2025-06-23 15:14:18,571 basehttp 36838 139828549113408 "OPTIONS /api/planes-mantenimiento/ HTTP/1.1" 200 0
INFO 2025-06-23 15:14:18,573 basehttp 36838 139828786087488 "OPTIONS /api/users/ HTTP/1.1" 200 0
INFO 2025-06-23 15:14:18,577 basehttp 36838 139828565898816 "GET /api/equipos/ HTTP/1.1" 200 1372
INFO 2025-06-23 15:14:18,582 basehttp 36838 139828549113408 "GET /api/planes-mantenimiento/ HTTP/1.1" 200 315
INFO 2025-06-23 15:14:18,587 basehttp 36838 139828786087488 "GET /api/users/ HTTP/1.1" 200 154
WARNING 2025-06-23 15:14:46,599 log 36838 139828540720704 Not Found: /
WARNING 2025-06-23 15:14:46,599 basehttp 36838 139828540720704 "HEAD / HTTP/1.1" 404 0
WARNING 2025-06-23 15:14:46,609 log 36838 139828540720704 Not Found: /
WARNING 2025-06-23 15:14:46,610 basehttp 36838 139828540720704 "GET / HTTP/1.1" 404 2207
INFO 2025-06-23 15:50:31,566 autoreload 36838 139828837708416 /usr/local/lib/python3.11/dist-packages/urllib3/http2/__init__.py changed, reloading.
INFO 2025-06-23 16:33:51,607 autoreload 63738 139953937179264 Watching for file changes with StatReloader
INFO 2025-06-23 16:34:37,325 basehttp 63738 139953885541952 "GET /api/mantenimiento-workflow/dashboard/ HTTP/1.1" 200 626
INFO 2025-06-23 16:34:37,326 basehttp 63738 139953877149248 "GET /api/mantenimiento-workflow/equipos-criticos/ HTTP/1.1" 200 91
INFO 2025-06-23 16:34:37,340 basehttp 63738 139953656821312 "GET /api/mantenimiento-workflow/equipos-criticos/ HTTP/1.1" 200 91
INFO 2025-06-23 16:34:37,341 basehttp 63738 139953868756544 "GET /api/mantenimiento-workflow/dashboard/ HTTP/1.1" 200 626
INFO 2025-06-23 16:34:52,520 basehttp 63738 139953656821312 "GET /api/planes-mantenimiento/ HTTP/1.1" 200 315
INFO 2025-06-23 16:34:52,532 basehttp 63738 139953885541952 "GET /api/planes-mantenimiento/ HTTP/1.1" 200 315
INFO 2025-06-23 16:34:52,536 basehttp 63738 139953877149248 "GET /api/users/ HTTP/1.1" 200 154
INFO 2025-06-23 16:34:52,551 basehttp 63738 139953868756544 "GET /api/equipos/ HTTP/1.1" 200 1372
INFO 2025-06-23 16:34:52,553 basehttp 63738 139953885541952 "GET /api/users/ HTTP/1.1" 200 154
INFO 2025-06-23 16:34:52,561 basehttp 63738 139953877149248 "GET /api/equipos/ HTTP/1.1" 200 1372
INFO 2025-06-23 16:35:05,915 basehttp 63738 139953877149248 "GET /api/ordenes-trabajo/?fechaInicio=&fechaFin= HTTP/1.1" 200 52
INFO 2025-06-23 16:35:05,915 basehttp 63738 139953656821312 "GET /api/tipos-equipo/ HTTP/1.1" 200 297
INFO 2025-06-23 16:35:05,917 basehttp 63738 139953868756544 "GET /api/users/ HTTP/1.1" 200 154
INFO 2025-06-23 16:35:05,923 basehttp 63738 139953885541952 "GET /api/equipos/ HTTP/1.1" 200 1372
INFO 2025-06-23 16:35:05,926 basehttp 63738 139953648428608 "GET /api/planes-mantenimiento/ HTTP/1.1" 200 315
INFO 2025-06-23 16:35:05,939 basehttp 63738 139953868756544 "GET /api/ordenes-trabajo/?fechaInicio=&fechaFin= HTTP/1.1" 200 52
INFO 2025-06-23 16:35:05,951 basehttp 63738 139953648428608 "GET /api/equipos/ HTTP/1.1" 200 1372
INFO 2025-06-23 16:35:05,964 basehttp 63738 139953656821312 "GET /api/tipos-equipo/ HTTP/1.1" 200 297
INFO 2025-06-23 16:35:05,967 basehttp 63738 139953877149248 "GET /api/planes-mantenimiento/ HTTP/1.1" 200 315
INFO 2025-06-23 16:35:05,969 basehttp 63738 139953885541952 "GET /api/users/ HTTP/1.1" 200 154
INFO 2025-06-23 16:35:14,097 basehttp 63738 139953885541952 "GET /api/equipos/ HTTP/1.1" 200 1372
INFO 2025-06-23 16:35:14,107 basehttp 63738 139953648428608 "GET /api/equipos/ HTTP/1.1" 200 1372
INFO 2025-06-23 16:35:31,881 basehttp 63738 139953648428608 "GET /api/tipos-equipo/ HTTP/1.1" 200 297
INFO 2025-06-23 16:35:31,887 basehttp 63738 139953648428608 "GET /api/faenas/ HTTP/1.1" 200 442
INFO 2025-06-23 16:35:31,892 basehttp 63738 139953885541952 "GET /api/estados-equipo/ HTTP/1.1" 200 312
INFO 2025-06-23 16:35:31,895 basehttp 63738 139953877149248 "GET /api/tipos-equipo/ HTTP/1.1" 200 297
INFO 2025-06-23 16:35:31,899 basehttp 63738 139953868756544 "GET /api/users/ HTTP/1.1" 200 154
INFO 2025-06-23 16:35:31,923 basehttp 63738 139953868756544 "GET /api/estados-equipo/ HTTP/1.1" 200 312
INFO 2025-06-23 16:35:31,928 basehttp 63738 139953877149248 "GET /api/users/ HTTP/1.1" 200 154
INFO 2025-06-23 16:35:31,932 basehttp 63738 139953885541952 "GET /api/faenas/ HTTP/1.1" 200 442
INFO 2025-06-23 16:35:31,965 basehttp 63738 139953885541952 "GET /api/equipos/ HTTP/1.1" 200 1372
INFO 2025-06-23 16:35:32,017 basehttp 63738 139953877149248 "GET /api/equipos/ HTTP/1.1" 200 1372
INFO 2025-06-23 16:37:35,013 autoreload 63738 139953937179264 /home/ubuntu/cmms_somacor/somacor_cmms/backend/cmms_api/models.py changed, reloading.
INFO 2025-06-23 16:37:35,414 autoreload 63961 140293196137088 Watching for file changes with StatReloader
INFO 2025-06-23 16:40:00,631 basehttp 63961 140293144507968 "GET /api/mantenimiento-workflow/dashboard/ HTTP/1.1" 200 626
INFO 2025-06-23 16:40:00,634 basehttp 63961 140293136115264 "GET /api/mantenimiento-workflow/equipos-criticos/ HTTP/1.1" 200 91
INFO 2025-06-23 16:40:21,190 basehttp 63961 140293136115264 "OPTIONS /api/ordenes-trabajo/?fechaInicio=&fechaFin= HTTP/1.1" 200 0
INFO 2025-06-23 16:40:21,214 basehttp 63961 140293144507968 "GET /api/ordenes-trabajo/?fechaInicio=&fechaFin= HTTP/1.1" 200 52
INFO 2025-06-23 16:40:21,218 basehttp 63961 140293118281280 "OPTIONS /api/tipos-equipo/ HTTP/1.1" 200 0
INFO 2025-06-23 16:40:21,225 basehttp 63961 140293126673984 "GET /api/users/ HTTP/1.1" 200 154
INFO 2025-06-23 16:40:21,230 basehttp 63961 140293136115264 "GET /api/equipos/ HTTP/1.1" 200 1279
INFO 2025-06-23 16:40:21,232 basehttp 63961 140293109888576 "GET /api/planes-mantenimiento/ HTTP/1.1" 200 315
INFO 2025-06-23 16:40:21,237 basehttp 63961 140293118281280 "GET /api/tipos-equipo/ HTTP/1.1" 200 297
INFO 2025-06-23 16:40:31,220 basehttp 63961 140293118281280 "GET /api/equipos/ HTTP/1.1" 200 1279
INFO 2025-06-23 16:40:49,258 basehttp 63961 140293118281280 "GET /api/tipos-equipo/ HTTP/1.1" 200 297
INFO 2025-06-23 16:40:49,260 basehttp 63961 140293136115264 "OPTIONS /api/estados-equipo/ HTTP/1.1" 200 0
INFO 2025-06-23 16:40:49,265 basehttp 63961 140293109888576 "OPTIONS /api/faenas/ HTTP/1.1" 200 0
INFO 2025-06-23 16:40:49,266 basehttp 63961 140293126673984 "GET /api/users/ HTTP/1.1" 200 154
INFO 2025-06-23 16:40:49,281 basehttp 63961 140293126673984 "GET /api/estados-equipo/ HTTP/1.1" 200 312
INFO 2025-06-23 16:40:49,290 basehttp 63961 140293109888576 "GET /api/faenas/ HTTP/1.1" 200 442
INFO 2025-06-23 16:40:49,357 basehttp 63961 140293109888576 "GET /api/equipos/ HTTP/1.1" 200 1279
